2025.04.01 17:40:06 INFO  Database: jdbc:h2:file:C:\Users\Pablo\Desktop\FetchGitHub\.metals\metals (H2 2.3)
2025.04.01 17:40:06 INFO  Schema history table "PUBLIC"."flyway_schema_history" does not exist yet
2025.04.01 17:40:06 INFO  Successfully validated 6 migrations (execution time 00:00.004s)
2025.04.01 17:40:06 INFO  Creating Schema History table "PUBLIC"."flyway_schema_history" ...
2025.04.01 17:40:06 INFO  Current version of schema "PUBLIC": << Empty Schema >>
2025.04.01 17:40:06 INFO  Migrating schema "PUBLIC" to version "1 - Create tables"
2025.04.01 17:40:06 INFO  Migrating schema "PUBLIC" to version "2 - Server discovery"
2025.04.01 17:40:06 INFO  Migrating schema "PUBLIC" to version "3 - Jar symbols"
2025.04.01 17:40:06 INFO  Migrating schema "PUBLIC" to version "4 - Fingerprints"
2025.04.01 17:40:06 INFO  Migrating schema "PUBLIC" to version "5 - Jar type hierarchy"
2025.04.01 17:40:06 INFO  Migrating schema "PUBLIC" to version "6 - Delete indices"
2025.04.01 17:40:06 INFO  Successfully applied 6 migrations to schema "PUBLIC", now at version v6 (execution time 00:00.022s)
2025.04.01 17:40:06 INFO  no build target found for C:\Users\Pablo\Desktop\FetchGitHub\build.sbt. Using presentation compiler with project's scala-library version: 3.3.5
2025.04.01 17:40:07 WARN  Could not find semantic tokens for: file:///C:/Users/Pablo/Desktop/FetchGitHub/build.sbt
2025.04.01 17:41:00 INFO  no build target found for C:\Users\Pablo\Desktop\FetchGitHub\src\GitHubAPIExample.scala. Using presentation compiler with project's scala-library version: 3.3.5
2025.04.01 17:41:00 WARN  Could not find semantic tokens for: file:///C:/Users/Pablo/Desktop/FetchGitHub/src/GitHubAPIExample.scala
2025.04.01 17:41:05 ERROR Timeout waiting for 'build/initialize' response
2025.04.01 17:41:05 WARN  Retrying connection to the build server scala
2025.04.01 17:41:05 INFO  Running BSP server List(C:\Program Files (x86)\scala\libexec\scala-cli.exe, --cli-default-scala-version, 3.6.4, --repository, file:///C:/Program Files (x86)/scala/maven2, --prog-name, scala, --skip-cli-updates, bsp, --json-options, C:\Users\Pablo\CursoBigData\.scala-build\ide-options-v2.json, --json-launcher-options, C:\Users\Pablo\CursoBigData\.scala-build\ide-launcher-options.json, --envs-file, C:\Users\Pablo\CursoBigData\.scala-build\ide-envs.json, C:\Users\Pablo\CursoBigData\holamundo.scala)
2025.04.01 17:41:05 INFO  tracing is disabled for protocol BSP, to enable tracing of incoming and outgoing JSON messages create an empty file at C:\Users\Pablo\Desktop\Impulso06\CursoBigData\.metals\bsp.trace.json or C:\Users\Pablo\AppData\Local\scalameta\metals\cache\bsp.trace.json
2025.04.01 17:41:05 INFO  BSP server: Error: java.nio.file.NoSuchFileException: C:\Users\Pablo\CursoBigData\holamundo.scala
2025.04.01 17:41:05 INFO  BSP server: For more details, please see 'C:\Users\Pablo\CursoBigData\.scala-build\stacktraces\1743522065-6376925065793063624.log'
2025.04.01 17:41:11 INFO  no build target found for c:\Users\Pablo\Desktop\FetchGitHub\src\GitHubAPIExample.scala. Using presentation compiler with project's scala-library version: 3.3.5
2025.04.01 17:41:11 INFO  no build target found for C:\Users\Pablo\Desktop\FetchGitHub\src\main\scala\GitHubAPIExample.scala. Using presentation compiler with project's scala-library version: 3.3.5
2025.04.01 17:41:11 WARN  Could not find semantic tokens for: file:///C:/Users/Pablo/Desktop/FetchGitHub/src/main/scala/GitHubAPIExample.scala
2025.04.01 17:41:23 WARN  no build target for: C:\Users\Pablo\Desktop\FetchGitHub\build.sbt
2025.04.01 17:41:23 INFO  no build target found for C:\Users\Pablo\Desktop\FetchGitHub\build.sbt. Using presentation compiler with project's scala-library version: 3.3.5
2025.04.01 17:41:23 WARN  Could not find semantic tokens for: file:///C:/Users/Pablo/Desktop/FetchGitHub/build.sbt
2025.04.01 17:41:25 INFO  no build target found for C:\Users\Pablo\Desktop\FetchGitHub\build.sbt. Using presentation compiler with project's scala-library version: 3.3.5
2025.04.01 17:41:26 INFO  no build target found for C:\Users\Pablo\Desktop\FetchGitHub\build.sbt. Using presentation compiler with project's scala-library version: 3.3.5
2025.04.01 17:41:26 WARN  Could not find semantic tokens for: file:///C:/Users/Pablo/Desktop/FetchGitHub/build.sbt
2025.04.01 17:41:27 WARN  no build target for: C:\Users\Pablo\Desktop\FetchGitHub\build.sbt
2025.04.01 17:41:26 INFO  no build target found for C:\Users\Pablo\Desktop\FetchGitHub\build.sbt. Using presentation compiler with project's scala-library version: 3.3.5
2025.04.01 17:41:27 INFO  no build target found for C:\Users\Pablo\Desktop\FetchGitHub\build.sbt. Using presentation compiler with project's scala-library version: 3.3.5
2025.04.01 17:41:45 WARN  no build target for: C:\Users\Pablo\Desktop\FetchGitHub\src\main\scala\GitHubAPIExample.scala
2025.04.01 17:41:45 INFO  no build target found for C:\Users\Pablo\Desktop\FetchGitHub\src\main\scala\GitHubAPIExample.scala. Using presentation compiler with project's scala-library version: 3.3.5
2025.04.01 17:41:45 WARN  Could not find semantic tokens for: file:///C:/Users/Pablo/Desktop/FetchGitHub/src/main/scala/GitHubAPIExample.scala
2025.04.01 17:41:47 INFO  no build target found for C:\Users\Pablo\Desktop\FetchGitHub\src\main\scala\GitHubAPIExample.scala. Using presentation compiler with project's scala-library version: 3.3.5
2025.04.01 17:41:48 INFO  no build target found for C:\Users\Pablo\Desktop\FetchGitHub\src\main\scala\GitHubAPIExample.scala. Using presentation compiler with project's scala-library version: 3.3.5
2025.04.01 17:41:49 WARN  no build target for: C:\Users\Pablo\Desktop\FetchGitHub\src\main\scala\GitHubAPIExample.scala
2025.04.01 17:41:49 INFO  no build target found for C:\Users\Pablo\Desktop\FetchGitHub\src\main\scala\GitHubAPIExample.scala. Using presentation compiler with project's scala-library version: 3.3.5
2025.04.01 17:41:49 INFO  no build target found for C:\Users\Pablo\Desktop\FetchGitHub\src\main\scala\GitHubAPIExample.scala. Using presentation compiler with project's scala-library version: 3.3.5
2025.04.01 17:42:05 ERROR Timeout waiting for 'build/initialize' response
2025.04.01 17:42:05 WARN  Retrying connection to the build server scala
2025.04.01 17:42:05 INFO  Running BSP server List(C:\Program Files (x86)\scala\libexec\scala-cli.exe, --cli-default-scala-version, 3.6.4, --repository, file:///C:/Program Files (x86)/scala/maven2, --prog-name, scala, --skip-cli-updates, bsp, --json-options, C:\Users\Pablo\CursoBigData\.scala-build\ide-options-v2.json, --json-launcher-options, C:\Users\Pablo\CursoBigData\.scala-build\ide-launcher-options.json, --envs-file, C:\Users\Pablo\CursoBigData\.scala-build\ide-envs.json, C:\Users\Pablo\CursoBigData\holamundo.scala)
2025.04.01 17:42:05 INFO  tracing is disabled for protocol BSP, to enable tracing of incoming and outgoing JSON messages create an empty file at C:\Users\Pablo\Desktop\Impulso06\CursoBigData\.metals\bsp.trace.json or C:\Users\Pablo\AppData\Local\scalameta\metals\cache\bsp.trace.json
2025.04.01 17:42:05 INFO  BSP server: Error: java.nio.file.NoSuchFileException: C:\Users\Pablo\CursoBigData\holamundo.scala
2025.04.01 17:42:05 INFO  BSP server: For more details, please see 'C:\Users\Pablo\CursoBigData\.scala-build\stacktraces\1743522125-8857786021221321751.log'
2025.04.01 17:43:05 ERROR Timeout waiting for 'build/initialize' response
2025.04.01 17:43:05 WARN  Retrying connection to the build server scala
2025.04.01 17:43:05 INFO  Running BSP server List(C:\Program Files (x86)\scala\libexec\scala-cli.exe, --cli-default-scala-version, 3.6.4, --repository, file:///C:/Program Files (x86)/scala/maven2, --prog-name, scala, --skip-cli-updates, bsp, --json-options, C:\Users\Pablo\CursoBigData\.scala-build\ide-options-v2.json, --json-launcher-options, C:\Users\Pablo\CursoBigData\.scala-build\ide-launcher-options.json, --envs-file, C:\Users\Pablo\CursoBigData\.scala-build\ide-envs.json, C:\Users\Pablo\CursoBigData\holamundo.scala)
2025.04.01 17:43:06 INFO  tracing is disabled for protocol BSP, to enable tracing of incoming and outgoing JSON messages create an empty file at C:\Users\Pablo\Desktop\Impulso06\CursoBigData\.metals\bsp.trace.json or C:\Users\Pablo\AppData\Local\scalameta\metals\cache\bsp.trace.json
2025.04.01 17:43:06 INFO  BSP server: Error: java.nio.file.NoSuchFileException: C:\Users\Pablo\CursoBigData\holamundo.scala
2025.04.01 17:43:06 INFO  BSP server: For more details, please see 'C:\Users\Pablo\CursoBigData\.scala-build\stacktraces\1743522186-9162878197412216881.log'
2025.04.01 17:43:36 INFO  Shutting down server
2025.04.01 17:43:36 INFO  shutting down Metals
2025.04.01 17:43:36 INFO  Exiting server
